<?xml version="1.0" encoding="UTF-8"?>
<!-- Generated by org.testng.reporters.JUnitReportReporter -->
<testsuite hostname="Stepan-PC" name="Tests" tests="4" failures="0" timestamp="15 Feb 2016 00:04:09 GMT" time="202.296" errors="0">
  <testcase name="searchNotebook" time="38.866" classname="Tests"/>
  <testcase name="test_login" time="34.683" classname="Tests"/>
  <testcase name="test_login" time="33.991" classname="Tests"/>
  <testcase name="test_technology" time="94.756" classname="Tests"/>
</testsuite> <!-- Tests -->
