<?xml version="1.0" encoding="UTF-8"?>
<!-- Generated by org.testng.reporters.JUnitReportReporter -->
<testsuite hostname="Stepan-PC" name="Tests" tests="4" failures="0" timestamp="14 Feb 2016 12:42:58 GMT" time="233.784" errors="0">
  <testcase name="test_login" time="39.143" classname="Tests"/>
  <testcase name="test_login" time="36.682" classname="Tests"/>
  <testcase name="searchNotebook" time="70.120" classname="Tests"/>
  <testcase name="test_technology" time="87.839" classname="Tests"/>
</testsuite> <!-- Tests -->
