<?xml version="1.0" encoding="UTF-8"?>
<!-- Generated by org.testng.reporters.JUnitReportReporter -->
<testsuite hostname="Stepan-PC" name="Tests" tests="1" failures="0" timestamp="11 Feb 2016 11:48:24 GMT" time="72.518" errors="0">
  <testcase name="test_technology" time="72.518" classname="Tests"/>
</testsuite> <!-- Tests -->
