<?xml version="1.0" encoding="UTF-8"?>
<!-- Generated by org.testng.reporters.JUnitReportReporter -->
<testsuite hostname="Stepan-PC" name="Tests" tests="4" failures="0" timestamp="16 Feb 2016 17:00:18 GMT" time="195.546" errors="0">
  <testcase name="searchNotebook" time="51.728" classname="Tests"/>
  <testcase name="test_login" time="14.967" classname="Tests"/>
  <testcase name="test_login" time="48.978" classname="Tests"/>
  <testcase name="test_technology" time="79.873" classname="Tests"/>
</testsuite> <!-- Tests -->
