<?xml version="1.0" encoding="UTF-8"?>
<!-- Generated by org.testng.reporters.JUnitReportReporter -->
<testsuite hostname="Stepan-PC" name="Tests" tests="4" failures="0" timestamp="12 Feb 2016 22:14:27 GMT" time="230.884" errors="0">
  <testcase name="searchNotebook" time="62.965" classname="Tests"/>
  <testcase name="test_login" time="36.026" classname="Tests"/>
  <testcase name="test_login" time="30.274" classname="Tests"/>
  <testcase name="test_technology" time="101.619" classname="Tests"/>
</testsuite> <!-- Tests -->
