<?xml version="1.0" encoding="UTF-8"?>
<!-- Generated by org.testng.reporters.JUnitReportReporter -->
<testsuite hostname="Stepan-PC" name="Tests" tests="1" failures="0" timestamp="11 Feb 2016 16:12:41 GMT" time="78.502" errors="0">
  <testcase name="test_technology" time="78.502" classname="Tests"/>
</testsuite> <!-- Tests -->
