<?xml version="1.0" encoding="UTF-8"?>
<!-- Generated by org.testng.reporters.JUnitReportReporter -->
<testsuite hostname="Stepan-PC" name="Tests" tests="2" failures="0" timestamp="12 Feb 2016 21:45:42 GMT" time="115.486" errors="0">
  <testcase name="serchNotebook" time="81.796" classname="Tests"/>
  <testcase name="test_login" time="33.690" classname="Tests"/>
</testsuite> <!-- Tests -->
