<?xml version="1.0" encoding="UTF-8"?>
<!-- Generated by org.testng.reporters.JUnitReportReporter -->
<testsuite hostname="Stepan-PC" name="Tests" tests="1" failures="0" timestamp="13 Feb 2016 09:24:05 GMT" time="130.561" errors="0">
  <testcase name="test_technology" time="130.561" classname="Tests"/>
</testsuite> <!-- Tests -->
