<?xml version="1.0" encoding="UTF-8"?>
<!-- Generated by org.testng.reporters.JUnitReportReporter -->
<testsuite hostname="Stepan-PC" name="Tests" tests="1" failures="0" timestamp="11 Feb 2016 23:09:13 GMT" time="66.278" errors="0">
  <testcase name="serch_notebook" time="66.278" classname="Tests"/>
</testsuite> <!-- Tests -->
