<?xml version="1.0" encoding="UTF-8"?>
<!-- Generated by org.testng.reporters.JUnitReportReporter -->
<testsuite hostname="Stepan-PC" name="Tests" tests="1" failures="0" timestamp="13 Feb 2016 23:13:09 GMT" time="129.298" errors="0">
  <testcase name="searchNotebook" time="129.298" classname="Tests"/>
</testsuite> <!-- Tests -->
